<?xml version="1.0" encoding="UTF-8"?>
<testng-results skipped="0" failed="0" total="1" passed="1">
  <reporter-output>
  </reporter-output>
  <suite name="Suite" duration-ms="32550" started-at="2018-09-12T18:37:23Z" finished-at="2018-09-12T18:37:55Z">
    <groups>
      <group name="cucumber">
        <method signature="AbstractTestNGCucumberTests.feature(cucumber.api.testng.CucumberFeatureWrapper)[pri:0, instance:runners.RunCuke@5649fd9b]" name="feature" class="cucumber.api.testng.AbstractTestNGCucumberTests"/>
      </group> <!-- cucumber -->
    </groups>
    <test name="Test" duration-ms="32550" started-at="2018-09-12T18:37:23Z" finished-at="2018-09-12T18:37:55Z">
      <class name="runners.RunCuke">
        <test-method status="PASS" signature="setUpClass()[pri:0, instance:runners.RunCuke@5649fd9b]" name="setUpClass" is-config="true" duration-ms="300" started-at="2018-09-13T04:37:23Z" finished-at="2018-09-13T04:37:23Z">
          <reporter-output>
          </reporter-output>
        </test-method> <!-- setUpClass -->
        <test-method status="PASS" signature="setup()[pri:0, instance:runners.RunCuke@5649fd9b]" name="setup" is-config="true" duration-ms="282" started-at="2018-09-13T04:37:23Z" finished-at="2018-09-13T04:37:23Z">
          <reporter-output>
          </reporter-output>
        </test-method> <!-- setup -->
        <test-method status="PASS" signature="feature(cucumber.api.testng.CucumberFeatureWrapper)[pri:0, instance:runners.RunCuke@5649fd9b]" name="feature" duration-ms="31692" started-at="2018-09-13T04:37:24Z" description="Runs Cucumber Feature" data-provider="features" finished-at="2018-09-13T04:37:55Z">
          <params>
            <param index="0">
              <value>
                <![CDATA[Test to adding ANZ(AU) account]]>
              </value>
            </param>
          </params>
          <reporter-output>
          </reporter-output>
        </test-method> <!-- feature -->
        <test-method status="PASS" signature="tearDownClass()[pri:0, instance:runners.RunCuke@5649fd9b]" name="tearDownClass" is-config="true" duration-ms="168" started-at="2018-09-13T04:37:55Z" finished-at="2018-09-13T04:37:55Z">
          <reporter-output>
          </reporter-output>
        </test-method> <!-- tearDownClass -->
      </class> <!-- runners.RunCuke -->
    </test> <!-- Test -->
  </suite> <!-- Suite -->
</testng-results>
